<?xml version="1.0" encoding="UTF-8"?>
<!-- Generated by org.testng.reporters.JUnitReportReporter -->
<testsuite hostname="DESKTOP-27UCR6S" failures="0" tests="3" name="MavenExercise.Exe_1" time="0.009" errors="0" timestamp="2022-10-28T11:24:37 IST" skipped="1">
  <testcase classname="MavenExercise.Exe_1" name="delight_sub" time="0.002"/>
  <system-out/>
  <testcase classname="MavenExercise.Exe_1" name="delight" time="0.007"/>
  <system-out/>
  <testcase classname="MavenExercise.Exe_1" name="delight_add">
    <skipped/>
  </testcase> <!-- delight_add -->
  <system-out/>
</testsuite> <!-- MavenExercise.Exe_1 -->
