<?xml version="1.0" encoding="UTF-8"?>
<!-- Generated by org.testng.reporters.JUnitReportReporter -->
<testsuite hostname="DESKTOP-27UCR6S" failures="0" tests="3" name="SamplePackage.SampleClass" time="330.118" errors="0" timestamp="2022-11-03T11:54:10 IST" skipped="0">
  <testcase classname="SamplePackage.SampleClass" name="method1" time="40.539"/>
  <system-out/>
  <testcase classname="SamplePackage.SampleClass" name="method1" time="121.454"/>
  <system-out/>
  <testcase classname="SamplePackage.SampleClass" name="method1" time="168.125"/>
  <system-out/>
</testsuite> <!-- SamplePackage.SampleClass -->
