<?xml version="1.0" encoding="UTF-8"?>
<!-- Generated by org.testng.reporters.JUnitReportReporter -->
<testsuite hostname="DESKTOP-27UCR6S" failures="0" tests="1" name="MavenExercise.Exe_2" time="0.002" errors="0" timestamp="2022-10-28T11:24:37 IST" skipped="0">
  <testcase classname="MavenExercise.Exe_2" name="distinct" time="0.002"/>
  <system-out/>
</testsuite> <!-- MavenExercise.Exe_2 -->
